<?xml version="1.0" encoding="UTF-8"?>
<testng-results ignored="0" total="21" passed="19" failed="2" skipped="0">
  <reporter-output>
  </reporter-output>
  <suite started-at="2024-08-07T14:20:48 IST" name="Surefire suite" finished-at="2024-08-07T14:21:58 IST" duration-ms="70432">
    <groups>
    </groups>
    <test started-at="2024-08-07T14:20:48 IST" name="Surefire test" finished-at="2024-08-07T14:21:58 IST" duration-ms="70432">
      <class name="com.test.TestMain">
        <test-method signature="alert()[pri:0, instance:com.test.TestMain@662b4c69]" started-at="2024-08-07T14:20:48 IST" name="alert" finished-at="2024-08-07T14:21:02 IST" duration-ms="14258" status="PASS">
          <reporter-output>
          </reporter-output>
        </test-method> <!-- alert -->
        <test-method signature="dropdownSelect()[pri:0, instance:com.test.TestMain@662b4c69]" started-at="2024-08-07T14:21:02 IST" name="dropdownSelect" finished-at="2024-08-07T14:21:02 IST" duration-ms="4" status="FAIL">
          <exception class="java.lang.NullPointerException">
            <message>
              <![CDATA[Cannot invoke "org.openqa.selenium.WebDriver.findElement(org.openqa.selenium.By)" because "this.driver" is null]]>
            </message>
            <full-stacktrace>
              <![CDATA[java.lang.NullPointerException: Cannot invoke "org.openqa.selenium.WebDriver.findElement(org.openqa.selenium.By)" because "this.driver" is null
at com.test.TestMain.dropdownSelect(TestMain.java:539)
at java.base/jdk.internal.reflect.DirectMethodHandleAccessor.invoke(DirectMethodHandleAccessor.java:103)
at java.base/java.lang.reflect.Method.invoke(Method.java:580)
at org.testng.internal.invokers.MethodInvocationHelper.invokeMethod(MethodInvocationHelper.java:141)
at org.testng.internal.invokers.TestInvoker.invokeMethod(TestInvoker.java:686)
at org.testng.internal.invokers.TestInvoker.invokeTestMethod(TestInvoker.java:230)
at org.testng.internal.invokers.MethodRunner.runInSequence(MethodRunner.java:63)
at org.testng.internal.invokers.TestInvoker$MethodInvocationAgent.invoke(TestInvoker.java:992)
at org.testng.internal.invokers.TestInvoker.invokeTestMethods(TestInvoker.java:203)
at org.testng.internal.invokers.TestMethodWorker.invokeTestMethods(TestMethodWorker.java:154)
at org.testng.internal.invokers.TestMethodWorker.run(TestMethodWorker.java:134)
at java.base/java.util.ArrayList.forEach(ArrayList.java:1597)
at org.testng.TestRunner.privateRun(TestRunner.java:739)
at org.testng.TestRunner.run(TestRunner.java:614)
at org.testng.SuiteRunner.runTest(SuiteRunner.java:421)
at org.testng.SuiteRunner.runSequentially(SuiteRunner.java:413)
at org.testng.SuiteRunner.privateRun(SuiteRunner.java:373)
at org.testng.SuiteRunner.run(SuiteRunner.java:312)
at org.testng.SuiteRunnerWorker.runSuite(SuiteRunnerWorker.java:52)
at org.testng.SuiteRunnerWorker.run(SuiteRunnerWorker.java:95)
at org.testng.TestNG.runSuitesSequentially(TestNG.java:1274)
at org.testng.TestNG.runSuitesLocally(TestNG.java:1208)
at org.testng.TestNG.runSuites(TestNG.java:1112)
at org.testng.TestNG.run(TestNG.java:1079)
at org.apache.maven.surefire.testng.TestNGExecutor.run(TestNGExecutor.java:155)
at org.apache.maven.surefire.testng.TestNGDirectoryTestSuite.executeMulti(TestNGDirectoryTestSuite.java:169)
at org.apache.maven.surefire.testng.TestNGDirectoryTestSuite.execute(TestNGDirectoryTestSuite.java:88)
at org.apache.maven.surefire.testng.TestNGProvider.invoke(TestNGProvider.java:137)
at org.apache.maven.surefire.booter.ForkedBooter.runSuitesInProcess(ForkedBooter.java:385)
at org.apache.maven.surefire.booter.ForkedBooter.execute(ForkedBooter.java:162)
at org.apache.maven.surefire.booter.ForkedBooter.run(ForkedBooter.java:507)
at org.apache.maven.surefire.booter.ForkedBooter.main(ForkedBooter.java:495)
]]>
            </full-stacktrace>
          </exception> <!-- java.lang.NullPointerException -->
          <reporter-output>
          </reporter-output>
        </test-method> <!-- dropdownSelect -->
        <test-method signature="fileUpload()[pri:0, instance:com.test.TestMain@662b4c69]" started-at="2024-08-07T14:21:02 IST" name="fileUpload" finished-at="2024-08-07T14:21:02 IST" duration-ms="4" status="PASS">
          <reporter-output>
          </reporter-output>
        </test-method> <!-- fileUpload -->
        <test-method signature="handleWindows()[pri:0, instance:com.test.TestMain@662b4c69]" started-at="2024-08-07T14:21:02 IST" name="handleWindows" finished-at="2024-08-07T14:21:15 IST" duration-ms="12681" status="PASS">
          <reporter-output>
          </reporter-output>
        </test-method> <!-- handleWindows -->
        <test-method signature="hashMapIterator()[pri:0, instance:com.test.TestMain@662b4c69]" started-at="2024-08-07T14:21:15 IST" name="hashMapIterator" finished-at="2024-08-07T14:21:15 IST" duration-ms="1" status="PASS">
          <reporter-output>
          </reporter-output>
        </test-method> <!-- hashMapIterator -->
        <test-method signature="hiddenMethodELmenents()[pri:0, instance:com.test.TestMain@662b4c69]" started-at="2024-08-07T14:21:15 IST" name="hiddenMethodELmenents" finished-at="2024-08-07T14:21:30 IST" duration-ms="15426" status="PASS">
          <reporter-output>
          </reporter-output>
        </test-method> <!-- hiddenMethodELmenents -->
        <test-method signature="implictWait()[pri:0, instance:com.test.TestMain@662b4c69]" started-at="2024-08-07T14:21:30 IST" name="implictWait" finished-at="2024-08-07T14:21:35 IST" duration-ms="4248" status="PASS">
          <reporter-output>
          </reporter-output>
        </test-method> <!-- implictWait -->
        <test-method signature="javaProgram()[pri:0, instance:com.test.TestMain@662b4c69]" started-at="2024-08-07T14:21:35 IST" name="javaProgram" finished-at="2024-08-07T14:21:35 IST" duration-ms="8" status="PASS">
          <reporter-output>
          </reporter-output>
        </test-method> <!-- javaProgram -->
        <test-method signature="launchBrowser()[pri:0, instance:com.test.TestMain@662b4c69]" started-at="2024-08-07T14:21:35 IST" name="launchBrowser" finished-at="2024-08-07T14:21:35 IST" duration-ms="1" status="PASS">
          <reporter-output>
          </reporter-output>
        </test-method> <!-- launchBrowser -->
        <test-method signature="readExcel()[pri:0, instance:com.test.TestMain@662b4c69]" started-at="2024-08-07T14:21:35 IST" name="readExcel" finished-at="2024-08-07T14:21:35 IST" duration-ms="418" status="PASS">
          <reporter-output>
          </reporter-output>
        </test-method> <!-- readExcel -->
        <test-method signature="replaceStringInArrayList()[pri:0, instance:com.test.TestMain@662b4c69]" started-at="2024-08-07T14:21:35 IST" name="replaceStringInArrayList" finished-at="2024-08-07T14:21:35 IST" duration-ms="2" status="PASS">
          <reporter-output>
          </reporter-output>
        </test-method> <!-- replaceStringInArrayList -->
        <test-method signature="selectElementByCSSSelector()[pri:0, instance:com.test.TestMain@662b4c69]" started-at="2024-08-07T14:21:35 IST" name="selectElementByCSSSelector" finished-at="2024-08-07T14:21:44 IST" duration-ms="8548" status="PASS">
          <reporter-output>
          </reporter-output>
        </test-method> <!-- selectElementByCSSSelector -->
        <test-method signature="switchFrames()[pri:0, instance:com.test.TestMain@662b4c69]" started-at="2024-08-07T14:21:44 IST" name="switchFrames" finished-at="2024-08-07T14:21:44 IST" duration-ms="1" status="FAIL">
          <exception class="java.lang.NullPointerException">
            <message>
              <![CDATA[Cannot invoke "org.openqa.selenium.WebDriver.findElement(org.openqa.selenium.By)" because "this.driver" is null]]>
            </message>
            <full-stacktrace>
              <![CDATA[java.lang.NullPointerException: Cannot invoke "org.openqa.selenium.WebDriver.findElement(org.openqa.selenium.By)" because "this.driver" is null
at com.test.TestMain.switchFrames(TestMain.java:560)
at java.base/jdk.internal.reflect.DirectMethodHandleAccessor.invoke(DirectMethodHandleAccessor.java:103)
at java.base/java.lang.reflect.Method.invoke(Method.java:580)
at org.testng.internal.invokers.MethodInvocationHelper.invokeMethod(MethodInvocationHelper.java:141)
at org.testng.internal.invokers.TestInvoker.invokeMethod(TestInvoker.java:686)
at org.testng.internal.invokers.TestInvoker.invokeTestMethod(TestInvoker.java:230)
at org.testng.internal.invokers.MethodRunner.runInSequence(MethodRunner.java:63)
at org.testng.internal.invokers.TestInvoker$MethodInvocationAgent.invoke(TestInvoker.java:992)
at org.testng.internal.invokers.TestInvoker.invokeTestMethods(TestInvoker.java:203)
at org.testng.internal.invokers.TestMethodWorker.invokeTestMethods(TestMethodWorker.java:154)
at org.testng.internal.invokers.TestMethodWorker.run(TestMethodWorker.java:134)
at java.base/java.util.ArrayList.forEach(ArrayList.java:1597)
at org.testng.TestRunner.privateRun(TestRunner.java:739)
at org.testng.TestRunner.run(TestRunner.java:614)
at org.testng.SuiteRunner.runTest(SuiteRunner.java:421)
at org.testng.SuiteRunner.runSequentially(SuiteRunner.java:413)
at org.testng.SuiteRunner.privateRun(SuiteRunner.java:373)
at org.testng.SuiteRunner.run(SuiteRunner.java:312)
at org.testng.SuiteRunnerWorker.runSuite(SuiteRunnerWorker.java:52)
at org.testng.SuiteRunnerWorker.run(SuiteRunnerWorker.java:95)
at org.testng.TestNG.runSuitesSequentially(TestNG.java:1274)
at org.testng.TestNG.runSuitesLocally(TestNG.java:1208)
at org.testng.TestNG.runSuites(TestNG.java:1112)
at org.testng.TestNG.run(TestNG.java:1079)
at org.apache.maven.surefire.testng.TestNGExecutor.run(TestNGExecutor.java:155)
at org.apache.maven.surefire.testng.TestNGDirectoryTestSuite.executeMulti(TestNGDirectoryTestSuite.java:169)
at org.apache.maven.surefire.testng.TestNGDirectoryTestSuite.execute(TestNGDirectoryTestSuite.java:88)
at org.apache.maven.surefire.testng.TestNGProvider.invoke(TestNGProvider.java:137)
at org.apache.maven.surefire.booter.ForkedBooter.runSuitesInProcess(ForkedBooter.java:385)
at org.apache.maven.surefire.booter.ForkedBooter.execute(ForkedBooter.java:162)
at org.apache.maven.surefire.booter.ForkedBooter.run(ForkedBooter.java:507)
at org.apache.maven.surefire.booter.ForkedBooter.main(ForkedBooter.java:495)
]]>
            </full-stacktrace>
          </exception> <!-- java.lang.NullPointerException -->
          <reporter-output>
          </reporter-output>
        </test-method> <!-- switchFrames -->
        <test-method signature="tableTraverse()[pri:0, instance:com.test.TestMain@662b4c69]" started-at="2024-08-07T14:21:44 IST" name="tableTraverse" finished-at="2024-08-07T14:21:54 IST" duration-ms="10595" status="PASS">
          <reporter-output>
          </reporter-output>
        </test-method> <!-- tableTraverse -->
        <test-method signature="testTDD(java.lang.String,java.lang.String,java.lang.String)[pri:0, instance:com.test.TestMain@662b4c69]" started-at="2024-08-07T14:21:54 IST" name="testTDD" data-provider="getData" finished-at="2024-08-07T14:21:54 IST" duration-ms="3" status="PASS">
          <params>
            <param index="0">
              <value>
                <![CDATA[Ellie Prynne]]>
              </value>
            </param>
            <param index="1">
              <value>
                <![CDATA[ep@testemail.com]]>
              </value>
            </param>
            <param index="2">
              <value>
                <![CDATA[ep1password]]>
              </value>
            </param>
          </params>
          <reporter-output>
          </reporter-output>
        </test-method> <!-- testTDD -->
        <test-method signature="testTDD(java.lang.String,java.lang.String,java.lang.String)[pri:0, instance:com.test.TestMain@662b4c69]" started-at="2024-08-07T14:21:54 IST" name="testTDD" data-provider="getData" finished-at="2024-08-07T14:21:54 IST" duration-ms="1" status="PASS">
          <params>
            <param index="0">
              <value>
                <![CDATA[Shawn Thompson]]>
              </value>
            </param>
            <param index="1">
              <value>
                <![CDATA[sw@testemail.com]]>
              </value>
            </param>
            <param index="2">
              <value>
                <![CDATA[sw2password]]>
              </value>
            </param>
          </params>
          <reporter-output>
          </reporter-output>
        </test-method> <!-- testTDD -->
        <test-method signature="testTDD(java.lang.String,java.lang.String,java.lang.String)[pri:0, instance:com.test.TestMain@662b4c69]" started-at="2024-08-07T14:21:54 IST" name="testTDD" data-provider="getData" finished-at="2024-08-07T14:21:54 IST" duration-ms="1" status="PASS">
          <params>
            <param index="0">
              <value>
                <![CDATA[Michael Lane]]>
              </value>
            </param>
            <param index="1">
              <value>
                <![CDATA[ml@testemail.com]]>
              </value>
            </param>
            <param index="2">
              <value>
                <![CDATA[ml3password]]>
              </value>
            </param>
          </params>
          <reporter-output>
          </reporter-output>
        </test-method> <!-- testTDD -->
        <test-method signature="testTDD(java.lang.String,java.lang.String,java.lang.String)[pri:0, instance:com.test.TestMain@662b4c69]" started-at="2024-08-07T14:21:54 IST" name="testTDD" data-provider="getData" finished-at="2024-08-07T14:21:54 IST" duration-ms="0" status="PASS">
          <params>
            <param index="0">
              <value>
                <![CDATA[Janelle Von]]>
              </value>
            </param>
            <param index="1">
              <value>
                <![CDATA[jv@testemail.com]]>
              </value>
            </param>
            <param index="2">
              <value>
                <![CDATA[jv4password]]>
              </value>
            </param>
          </params>
          <reporter-output>
          </reporter-output>
        </test-method> <!-- testTDD -->
        <test-method signature="throwMethod()[pri:0, instance:com.test.TestMain@662b4c69]" started-at="2024-08-07T14:21:54 IST" name="throwMethod" finished-at="2024-08-07T14:21:54 IST" duration-ms="1" status="PASS">
          <reporter-output>
          </reporter-output>
        </test-method> <!-- throwMethod -->
        <test-method signature="throwsMethod()[pri:0, instance:com.test.TestMain@662b4c69]" started-at="2024-08-07T14:21:54 IST" name="throwsMethod" finished-at="2024-08-07T14:21:54 IST" duration-ms="1" status="PASS">
          <reporter-output>
          </reporter-output>
        </test-method> <!-- throwsMethod -->
        <test-method signature="waitMethods()[pri:0, instance:com.test.TestMain@662b4c69]" started-at="2024-08-07T14:21:54 IST" name="waitMethods" finished-at="2024-08-07T14:21:58 IST" duration-ms="4099" status="PASS">
          <reporter-output>
          </reporter-output>
        </test-method> <!-- waitMethods -->
      </class> <!-- com.test.TestMain -->
    </test> <!-- Surefire test -->
  </suite> <!-- Surefire suite -->
</testng-results>
